-------------------------------------------------------------------------------
Test set: tudai.tests.CrearCuentaTest
-------------------------------------------------------------------------------
Tests run: 1, Failures: 1, Errors: 0, Skipped: 0, Time elapsed: 81.93 s <<< FAILURE! -- in tudai.tests.CrearCuentaTest
tudai.tests.CrearCuentaTest.testCrearCuentaExito -- Time elapsed: 81.47 s <<< FAILURE!
org.opentest4j.AssertionFailedError: La cuenta deberÃ­a aparecer en la tabla ==> expected: <true> but was: <false>
	at org.junit.jupiter.api.AssertionFailureBuilder.build(AssertionFailureBuilder.java:151)
	at org.junit.jupiter.api.AssertionFailureBuilder.buildAndThrow(AssertionFailureBuilder.java:132)
	at org.junit.jupiter.api.AssertTrue.failNotTrue(AssertTrue.java:63)
	at org.junit.jupiter.api.AssertTrue.assertTrue(AssertTrue.java:36)
	at org.junit.jupiter.api.Assertions.assertTrue(Assertions.java:214)
	at tudai.tests.CrearCuentaTest.testCrearCuentaExito(CrearCuentaTest.java:29)
	at java.base/java.lang.reflect.Method.invoke(Method.java:580)
	at java.base/java.util.ArrayList.forEach(ArrayList.java:1596)
	at java.base/java.util.ArrayList.forEach(ArrayList.java:1596)

